2022-10-27 13:21:58.387  INFO 51388 --- [main] com.jadm.JadmBbookInPrdApplication       : Starting JadmBbookInPrdApplication using Java 1.8.0_202 on MCSAPGS-0004 with PID 51388 (C:\Users\dabarca\Documents\Dev\jadm_bbook_in_prd\target\classes started by dabarca in C:\Users\dabarca\Documents\Dev\jadm_bbook_in_prd)
2022-10-27 13:21:58.407  INFO 51388 --- [main] com.jadm.JadmBbookInPrdApplication       : No active profile set, falling back to default profiles: default
2022-10-27 13:21:59.231  INFO 51388 --- [main] .s.d.r.c.RepositoryConfigurationDelegate : Bootstrapping Spring Data JPA repositories in DEFAULT mode.
2022-10-27 13:21:59.299  INFO 51388 --- [main] .s.d.r.c.RepositoryConfigurationDelegate : Finished Spring Data repository scanning in 56 ms. Found 1 JPA repository interfaces.
2022-10-27 13:21:59.990  INFO 51388 --- [main] o.s.b.w.embedded.tomcat.TomcatWebServer  : Tomcat initialized with port(s): 8080 (http)
2022-10-27 13:22:00.000  INFO 51388 --- [main] o.apache.catalina.core.StandardService   : Starting service [Tomcat]
2022-10-27 13:22:00.000  INFO 51388 --- [main] org.apache.catalina.core.StandardEngine  : Starting Servlet engine: [Apache Tomcat/9.0.48]
2022-10-27 13:22:00.148  INFO 51388 --- [main] o.a.c.c.C.[Tomcat].[localhost].[/]       : Initializing Spring embedded WebApplicationContext
2022-10-27 13:22:00.149  INFO 51388 --- [main] w.s.c.ServletWebServerApplicationContext : Root WebApplicationContext: initialization completed in 1673 ms
2022-10-27 13:22:00.414  INFO 51388 --- [main] o.hibernate.jpa.internal.util.LogHelper  : HHH000204: Processing PersistenceUnitInfo [name: default]
2022-10-27 13:22:00.481  INFO 51388 --- [main] org.hibernate.Version                    : HHH000412: Hibernate ORM core version 5.4.32.Final
2022-10-27 13:22:00.681  INFO 51388 --- [main] o.hibernate.annotations.common.Version   : HCANN000001: Hibernate Commons Annotations {5.1.2.Final}
2022-10-27 13:22:00.725 DEBUG 51388 --- [main] org.hibernate.type.BasicTypeRegistry     : Adding type registration boolean -> org.hibernate.type.BooleanType@10cc83e
2022-10-27 13:22:00.726 DEBUG 51388 --- [main] org.hibernate.type.BasicTypeRegistry     : Adding type registration boolean -> org.hibernate.type.BooleanType@10cc83e
2022-10-27 13:22:00.726 DEBUG 51388 --- [main] org.hibernate.type.BasicTypeRegistry     : Adding type registration java.lang.Boolean -> org.hibernate.type.BooleanType@10cc83e
2022-10-27 13:22:00.726 DEBUG 51388 --- [main] org.hibernate.type.BasicTypeRegistry     : Adding type registration numeric_boolean -> org.hibernate.type.NumericBooleanType@7045c4
2022-10-27 13:22:00.728 DEBUG 51388 --- [main] org.hibernate.type.BasicTypeRegistry     : Adding type registration true_false -> org.hibernate.type.TrueFalseType@ed89da
2022-10-27 13:22:00.729 DEBUG 51388 --- [main] org.hibernate.type.BasicTypeRegistry     : Adding type registration yes_no -> org.hibernate.type.YesNoType@15ebef
2022-10-27 13:22:00.731 DEBUG 51388 --- [main] org.hibernate.type.BasicTypeRegistry     : Adding type registration byte -> org.hibernate.type.ByteType@1f5c7e3
2022-10-27 13:22:00.731 DEBUG 51388 --- [main] org.hibernate.type.BasicTypeRegistry     : Adding type registration byte -> org.hibernate.type.ByteType@1f5c7e3
2022-10-27 13:22:00.731 DEBUG 51388 --- [main] org.hibernate.type.BasicTypeRegistry     : Adding type registration java.lang.Byte -> org.hibernate.type.ByteType@1f5c7e3
2022-10-27 13:22:00.733 DEBUG 51388 --- [main] org.hibernate.type.BasicTypeRegistry     : Adding type registration character -> org.hibernate.type.CharacterType@1c96c85
2022-10-27 13:22:00.733 DEBUG 51388 --- [main] org.hibernate.type.BasicTypeRegistry     : Adding type registration char -> org.hibernate.type.CharacterType@1c96c85
2022-10-27 13:22:00.733 DEBUG 51388 --- [main] org.hibernate.type.BasicTypeRegistry     : Adding type registration java.lang.Character -> org.hibernate.type.CharacterType@1c96c85
2022-10-27 13:22:00.734 DEBUG 51388 --- [main] org.hibernate.type.BasicTypeRegistry     : Adding type registration short -> org.hibernate.type.ShortType@4d1b61
2022-10-27 13:22:00.735 DEBUG 51388 --- [main] org.hibernate.type.BasicTypeRegistry     : Adding type registration short -> org.hibernate.type.ShortType@4d1b61
2022-10-27 13:22:00.735 DEBUG 51388 --- [main] org.hibernate.type.BasicTypeRegistry     : Adding type registration java.lang.Short -> org.hibernate.type.ShortType@4d1b61
2022-10-27 13:22:00.736 DEBUG 51388 --- [main] org.hibernate.type.BasicTypeRegistry     : Adding type registration integer -> org.hibernate.type.IntegerType@e8888d
2022-10-27 13:22:00.736 DEBUG 51388 --- [main] org.hibernate.type.BasicTypeRegistry     : Adding type registration int -> org.hibernate.type.IntegerType@e8888d
2022-10-27 13:22:00.736 DEBUG 51388 --- [main] org.hibernate.type.BasicTypeRegistry     : Adding type registration java.lang.Integer -> org.hibernate.type.IntegerType@e8888d
2022-10-27 13:22:00.737 DEBUG 51388 --- [main] org.hibernate.type.BasicTypeRegistry     : Adding type registration long -> org.hibernate.type.LongType@f477e2
2022-10-27 13:22:00.738 DEBUG 51388 --- [main] org.hibernate.type.BasicTypeRegistry     : Adding type registration long -> org.hibernate.type.LongType@f477e2
2022-10-27 13:22:00.738 DEBUG 51388 --- [main] org.hibernate.type.BasicTypeRegistry     : Adding type registration java.lang.Long -> org.hibernate.type.LongType@f477e2
2022-10-27 13:22:00.739 DEBUG 51388 --- [main] org.hibernate.type.BasicTypeRegistry     : Adding type registration float -> org.hibernate.type.FloatType@171cf2f
2022-10-27 13:22:00.739 DEBUG 51388 --- [main] org.hibernate.type.BasicTypeRegistry     : Adding type registration float -> org.hibernate.type.FloatType@171cf2f
2022-10-27 13:22:00.739 DEBUG 51388 --- [main] org.hibernate.type.BasicTypeRegistry     : Adding type registration java.lang.Float -> org.hibernate.type.FloatType@171cf2f
2022-10-27 13:22:00.740 DEBUG 51388 --- [main] org.hibernate.type.BasicTypeRegistry     : Adding type registration double -> org.hibernate.type.DoubleType@8cc9a2
2022-10-27 13:22:00.740 DEBUG 51388 --- [main] org.hibernate.type.BasicTypeRegistry     : Adding type registration double -> org.hibernate.type.DoubleType@8cc9a2
2022-10-27 13:22:00.741 DEBUG 51388 --- [main] org.hibernate.type.BasicTypeRegistry     : Adding type registration java.lang.Double -> org.hibernate.type.DoubleType@8cc9a2
2022-10-27 13:22:00.742 DEBUG 51388 --- [main] org.hibernate.type.BasicTypeRegistry     : Adding type registration big_decimal -> org.hibernate.type.BigDecimalType@67ddc7
2022-10-27 13:22:00.742 DEBUG 51388 --- [main] org.hibernate.type.BasicTypeRegistry     : Adding type registration java.math.BigDecimal -> org.hibernate.type.BigDecimalType@67ddc7
2022-10-27 13:22:00.743 DEBUG 51388 --- [main] org.hibernate.type.BasicTypeRegistry     : Adding type registration big_integer -> org.hibernate.type.BigIntegerType@8cd501
2022-10-27 13:22:00.743 DEBUG 51388 --- [main] org.hibernate.type.BasicTypeRegistry     : Adding type registration java.math.BigInteger -> org.hibernate.type.BigIntegerType@8cd501
2022-10-27 13:22:00.744 DEBUG 51388 --- [main] org.hibernate.type.BasicTypeRegistry     : Adding type registration string -> org.hibernate.type.StringType@997a94
2022-10-27 13:22:00.744 DEBUG 51388 --- [main] org.hibernate.type.BasicTypeRegistry     : Adding type registration java.lang.String -> org.hibernate.type.StringType@997a94
2022-10-27 13:22:00.744 DEBUG 51388 --- [main] org.hibernate.type.BasicTypeRegistry     : Adding type registration nstring -> org.hibernate.type.StringNVarcharType@7cd177
2022-10-27 13:22:00.745 DEBUG 51388 --- [main] org.hibernate.type.BasicTypeRegistry     : Adding type registration ncharacter -> org.hibernate.type.CharacterNCharType@1ad8ec0
2022-10-27 13:22:00.746 DEBUG 51388 --- [main] org.hibernate.type.BasicTypeRegistry     : Adding type registration url -> org.hibernate.type.UrlType@1b5148c
2022-10-27 13:22:00.746 DEBUG 51388 --- [main] org.hibernate.type.BasicTypeRegistry     : Adding type registration java.net.URL -> org.hibernate.type.UrlType@1b5148c
2022-10-27 13:22:00.747 DEBUG 51388 --- [main] org.hibernate.type.BasicTypeRegistry     : Adding type registration Duration -> org.hibernate.type.DurationType@188ca8e
2022-10-27 13:22:00.747 DEBUG 51388 --- [main] org.hibernate.type.BasicTypeRegistry     : Adding type registration java.time.Duration -> org.hibernate.type.DurationType@188ca8e
2022-10-27 13:22:00.748 DEBUG 51388 --- [main] org.hibernate.type.BasicTypeRegistry     : Adding type registration Instant -> org.hibernate.type.InstantType@a7653e
2022-10-27 13:22:00.749 DEBUG 51388 --- [main] org.hibernate.type.BasicTypeRegistry     : Adding type registration java.time.Instant -> org.hibernate.type.InstantType@a7653e
2022-10-27 13:22:00.750 DEBUG 51388 --- [main] org.hibernate.type.BasicTypeRegistry     : Adding type registration LocalDateTime -> org.hibernate.type.LocalDateTimeType@15e4c7
2022-10-27 13:22:00.750 DEBUG 51388 --- [main] org.hibernate.type.BasicTypeRegistry     : Adding type registration java.time.LocalDateTime -> org.hibernate.type.LocalDateTimeType@15e4c7
2022-10-27 13:22:00.751 DEBUG 51388 --- [main] org.hibernate.type.BasicTypeRegistry     : Adding type registration LocalDate -> org.hibernate.type.LocalDateType@1363abd
2022-10-27 13:22:00.751 DEBUG 51388 --- [main] org.hibernate.type.BasicTypeRegistry     : Adding type registration java.time.LocalDate -> org.hibernate.type.LocalDateType@1363abd
2022-10-27 13:22:00.752 DEBUG 51388 --- [main] org.hibernate.type.BasicTypeRegistry     : Adding type registration LocalTime -> org.hibernate.type.LocalTimeType@137df8e
2022-10-27 13:22:00.752 DEBUG 51388 --- [main] org.hibernate.type.BasicTypeRegistry     : Adding type registration java.time.LocalTime -> org.hibernate.type.LocalTimeType@137df8e
2022-10-27 13:22:00.753 DEBUG 51388 --- [main] org.hibernate.type.BasicTypeRegistry     : Adding type registration OffsetDateTime -> org.hibernate.type.OffsetDateTimeType@17949f1
2022-10-27 13:22:00.754 DEBUG 51388 --- [main] org.hibernate.type.BasicTypeRegistry     : Adding type registration java.time.OffsetDateTime -> org.hibernate.type.OffsetDateTimeType@17949f1
2022-10-27 13:22:00.755 DEBUG 51388 --- [main] org.hibernate.type.BasicTypeRegistry     : Adding type registration OffsetTime -> org.hibernate.type.OffsetTimeType@1765e92
2022-10-27 13:22:00.755 DEBUG 51388 --- [main] org.hibernate.type.BasicTypeRegistry     : Adding type registration java.time.OffsetTime -> org.hibernate.type.OffsetTimeType@1765e92
2022-10-27 13:22:00.757 DEBUG 51388 --- [main] org.hibernate.type.BasicTypeRegistry     : Adding type registration ZonedDateTime -> org.hibernate.type.ZonedDateTimeType@1787726
2022-10-27 13:22:00.757 DEBUG 51388 --- [main] org.hibernate.type.BasicTypeRegistry     : Adding type registration java.time.ZonedDateTime -> org.hibernate.type.ZonedDateTimeType@1787726
2022-10-27 13:22:00.759 DEBUG 51388 --- [main] org.hibernate.type.BasicTypeRegistry     : Adding type registration date -> org.hibernate.type.DateType@4bf25f
2022-10-27 13:22:00.759 DEBUG 51388 --- [main] org.hibernate.type.BasicTypeRegistry     : Adding type registration java.sql.Date -> org.hibernate.type.DateType@4bf25f
2022-10-27 13:22:00.760 DEBUG 51388 --- [main] org.hibernate.type.BasicTypeRegistry     : Adding type registration time -> org.hibernate.type.TimeType@128c8c1
2022-10-27 13:22:00.760 DEBUG 51388 --- [main] org.hibernate.type.BasicTypeRegistry     : Adding type registration java.sql.Time -> org.hibernate.type.TimeType@128c8c1
2022-10-27 13:22:00.762 DEBUG 51388 --- [main] org.hibernate.type.BasicTypeRegistry     : Adding type registration timestamp -> org.hibernate.type.TimestampType@1731759
2022-10-27 13:22:00.762 DEBUG 51388 --- [main] org.hibernate.type.BasicTypeRegistry     : Adding type registration java.sql.Timestamp -> org.hibernate.type.TimestampType@1731759
2022-10-27 13:22:00.762 DEBUG 51388 --- [main] org.hibernate.type.BasicTypeRegistry     : Adding type registration java.util.Date -> org.hibernate.type.TimestampType@1731759
2022-10-27 13:22:00.763 DEBUG 51388 --- [main] org.hibernate.type.BasicTypeRegistry     : Adding type registration dbtimestamp -> org.hibernate.type.DbTimestampType@83ccd2
2022-10-27 13:22:00.765 DEBUG 51388 --- [main] org.hibernate.type.BasicTypeRegistry     : Adding type registration calendar -> org.hibernate.type.CalendarType@1834a2b
2022-10-27 13:22:00.765 DEBUG 51388 --- [main] org.hibernate.type.BasicTypeRegistry     : Adding type registration java.util.Calendar -> org.hibernate.type.CalendarType@1834a2b
2022-10-27 13:22:00.765 DEBUG 51388 --- [main] org.hibernate.type.BasicTypeRegistry     : Adding type registration java.util.GregorianCalendar -> org.hibernate.type.CalendarType@1834a2b
2022-10-27 13:22:00.766 DEBUG 51388 --- [main] org.hibernate.type.BasicTypeRegistry     : Adding type registration calendar_date -> org.hibernate.type.CalendarDateType@1eb4af
2022-10-27 13:22:00.767 DEBUG 51388 --- [main] org.hibernate.type.BasicTypeRegistry     : Adding type registration calendar_time -> org.hibernate.type.CalendarTimeType@1e1f8fe
2022-10-27 13:22:00.768 DEBUG 51388 --- [main] org.hibernate.type.BasicTypeRegistry     : Adding type registration locale -> org.hibernate.type.LocaleType@18d54da
2022-10-27 13:22:00.768 DEBUG 51388 --- [main] org.hibernate.type.BasicTypeRegistry     : Adding type registration java.util.Locale -> org.hibernate.type.LocaleType@18d54da
2022-10-27 13:22:00.769 DEBUG 51388 --- [main] org.hibernate.type.BasicTypeRegistry     : Adding type registration currency -> org.hibernate.type.CurrencyType@17a0948
2022-10-27 13:22:00.769 DEBUG 51388 --- [main] org.hibernate.type.BasicTypeRegistry     : Adding type registration java.util.Currency -> org.hibernate.type.CurrencyType@17a0948
2022-10-27 13:22:00.770 DEBUG 51388 --- [main] org.hibernate.type.BasicTypeRegistry     : Adding type registration timezone -> org.hibernate.type.TimeZoneType@c425b1
2022-10-27 13:22:00.770 DEBUG 51388 --- [main] org.hibernate.type.BasicTypeRegistry     : Adding type registration java.util.TimeZone -> org.hibernate.type.TimeZoneType@c425b1
2022-10-27 13:22:00.771 DEBUG 51388 --- [main] org.hibernate.type.BasicTypeRegistry     : Adding type registration class -> org.hibernate.type.ClassType@7cb3a4
2022-10-27 13:22:00.771 DEBUG 51388 --- [main] org.hibernate.type.BasicTypeRegistry     : Adding type registration java.lang.Class -> org.hibernate.type.ClassType@7cb3a4
2022-10-27 13:22:00.772 DEBUG 51388 --- [main] org.hibernate.type.BasicTypeRegistry     : Adding type registration uuid-binary -> org.hibernate.type.UUIDBinaryType@11cafec
2022-10-27 13:22:00.772 DEBUG 51388 --- [main] org.hibernate.type.BasicTypeRegistry     : Adding type registration java.util.UUID -> org.hibernate.type.UUIDBinaryType@11cafec
2022-10-27 13:22:00.772 DEBUG 51388 --- [main] org.hibernate.type.BasicTypeRegistry     : Adding type registration uuid-char -> org.hibernate.type.UUIDCharType@89b4b9
2022-10-27 13:22:00.774 DEBUG 51388 --- [main] org.hibernate.type.BasicTypeRegistry     : Adding type registration binary -> org.hibernate.type.BinaryType@cbe2e
2022-10-27 13:22:00.774 DEBUG 51388 --- [main] org.hibernate.type.BasicTypeRegistry     : Adding type registration byte[] -> org.hibernate.type.BinaryType@cbe2e
2022-10-27 13:22:00.774 DEBUG 51388 --- [main] org.hibernate.type.BasicTypeRegistry     : Adding type registration [B -> org.hibernate.type.BinaryType@cbe2e
2022-10-27 13:22:00.775 DEBUG 51388 --- [main] org.hibernate.type.BasicTypeRegistry     : Adding type registration wrapper-binary -> org.hibernate.type.WrapperBinaryType@1018eed
2022-10-27 13:22:00.775 DEBUG 51388 --- [main] org.hibernate.type.BasicTypeRegistry     : Adding type registration Byte[] -> org.hibernate.type.WrapperBinaryType@1018eed
2022-10-27 13:22:00.775 DEBUG 51388 --- [main] org.hibernate.type.BasicTypeRegistry     : Adding type registration [Ljava.lang.Byte; -> org.hibernate.type.WrapperBinaryType@1018eed
2022-10-27 13:22:00.776 DEBUG 51388 --- [main] org.hibernate.type.BasicTypeRegistry     : Adding type registration row_version -> org.hibernate.type.RowVersionType@4d2c44
2022-10-27 13:22:00.777 DEBUG 51388 --- [main] org.hibernate.type.BasicTypeRegistry     : Adding type registration image -> org.hibernate.type.ImageType@1d4e815
2022-10-27 13:22:00.778 DEBUG 51388 --- [main] org.hibernate.type.BasicTypeRegistry     : Adding type registration characters -> org.hibernate.type.CharArrayType@1ae763
2022-10-27 13:22:00.778 DEBUG 51388 --- [main] org.hibernate.type.BasicTypeRegistry     : Adding type registration char[] -> org.hibernate.type.CharArrayType@1ae763
2022-10-27 13:22:00.778 DEBUG 51388 --- [main] org.hibernate.type.BasicTypeRegistry     : Adding type registration [C -> org.hibernate.type.CharArrayType@1ae763
2022-10-27 13:22:00.779 DEBUG 51388 --- [main] org.hibernate.type.BasicTypeRegistry     : Adding type registration wrapper-characters -> org.hibernate.type.CharacterArrayType@1ffb692
2022-10-27 13:22:00.779 DEBUG 51388 --- [main] org.hibernate.type.BasicTypeRegistry     : Adding type registration [Ljava.lang.Character; -> org.hibernate.type.CharacterArrayType@1ffb692
2022-10-27 13:22:00.780 DEBUG 51388 --- [main] org.hibernate.type.BasicTypeRegistry     : Adding type registration Character[] -> org.hibernate.type.CharacterArrayType@1ffb692
2022-10-27 13:22:00.780 DEBUG 51388 --- [main] org.hibernate.type.BasicTypeRegistry     : Adding type registration text -> org.hibernate.type.TextType@6f8f24
2022-10-27 13:22:00.780 DEBUG 51388 --- [main] org.hibernate.type.BasicTypeRegistry     : Adding type registration ntext -> org.hibernate.type.NTextType@1c78080
2022-10-27 13:22:00.782 DEBUG 51388 --- [main] org.hibernate.type.BasicTypeRegistry     : Adding type registration blob -> org.hibernate.type.BlobType@7865bd
2022-10-27 13:22:00.782 DEBUG 51388 --- [main] org.hibernate.type.BasicTypeRegistry     : Adding type registration java.sql.Blob -> org.hibernate.type.BlobType@7865bd
2022-10-27 13:22:00.782 DEBUG 51388 --- [main] org.hibernate.type.BasicTypeRegistry     : Adding type registration materialized_blob -> org.hibernate.type.MaterializedBlobType@1688110
2022-10-27 13:22:00.784 DEBUG 51388 --- [main] org.hibernate.type.BasicTypeRegistry     : Adding type registration clob -> org.hibernate.type.ClobType@1fdb8a4
2022-10-27 13:22:00.784 DEBUG 51388 --- [main] org.hibernate.type.BasicTypeRegistry     : Adding type registration java.sql.Clob -> org.hibernate.type.ClobType@1fdb8a4
2022-10-27 13:22:00.785 DEBUG 51388 --- [main] org.hibernate.type.BasicTypeRegistry     : Adding type registration nclob -> org.hibernate.type.NClobType@a781f2
2022-10-27 13:22:00.785 DEBUG 51388 --- [main] org.hibernate.type.BasicTypeRegistry     : Adding type registration java.sql.NClob -> org.hibernate.type.NClobType@a781f2
2022-10-27 13:22:00.786 DEBUG 51388 --- [main] org.hibernate.type.BasicTypeRegistry     : Adding type registration materialized_clob -> org.hibernate.type.MaterializedClobType@fe47fd
2022-10-27 13:22:00.786 DEBUG 51388 --- [main] org.hibernate.type.BasicTypeRegistry     : Adding type registration materialized_nclob -> org.hibernate.type.MaterializedNClobType@c99bf6
2022-10-27 13:22:00.788 DEBUG 51388 --- [main] org.hibernate.type.BasicTypeRegistry     : Adding type registration serializable -> org.hibernate.type.SerializableType@b940a2
2022-10-27 13:22:00.790 DEBUG 51388 --- [main] org.hibernate.type.BasicTypeRegistry     : Adding type registration object -> org.hibernate.type.ObjectType@fe272f
2022-10-27 13:22:00.790 DEBUG 51388 --- [main] org.hibernate.type.BasicTypeRegistry     : Adding type registration java.lang.Object -> org.hibernate.type.ObjectType@fe272f
2022-10-27 13:22:00.791 DEBUG 51388 --- [main] org.hibernate.type.BasicTypeRegistry     : Adding type registration imm_date -> org.hibernate.type.AdaptedImmutableType@dc1a4e
2022-10-27 13:22:00.791 DEBUG 51388 --- [main] org.hibernate.type.BasicTypeRegistry     : Adding type registration imm_time -> org.hibernate.type.AdaptedImmutableType@6427f7
2022-10-27 13:22:00.791 DEBUG 51388 --- [main] org.hibernate.type.BasicTypeRegistry     : Adding type registration imm_timestamp -> org.hibernate.type.AdaptedImmutableType@1efacad
2022-10-27 13:22:00.791 DEBUG 51388 --- [main] org.hibernate.type.BasicTypeRegistry     : Adding type registration imm_dbtimestamp -> org.hibernate.type.AdaptedImmutableType@ce5a3
2022-10-27 13:22:00.791 DEBUG 51388 --- [main] org.hibernate.type.BasicTypeRegistry     : Adding type registration imm_calendar -> org.hibernate.type.AdaptedImmutableType@29686
2022-10-27 13:22:00.791 DEBUG 51388 --- [main] org.hibernate.type.BasicTypeRegistry     : Adding type registration imm_calendar_date -> org.hibernate.type.AdaptedImmutableType@19c45ee
2022-10-27 13:22:00.791 DEBUG 51388 --- [main] org.hibernate.type.BasicTypeRegistry     : Adding type registration imm_binary -> org.hibernate.type.AdaptedImmutableType@1da0434
2022-10-27 13:22:00.793 DEBUG 51388 --- [main] org.hibernate.type.BasicTypeRegistry     : Adding type registration imm_serializable -> org.hibernate.type.AdaptedImmutableType@24ce51
2022-10-27 13:22:00.838  INFO 51388 --- [main] com.zaxxer.hikari.HikariDataSource       : HikariPool-1 - Starting...
2022-10-27 13:22:01.731  INFO 51388 --- [main] com.zaxxer.hikari.HikariDataSource       : HikariPool-1 - Start completed.
2022-10-27 13:22:01.786  INFO 51388 --- [main] org.hibernate.dialect.Dialect            : HHH000400: Using dialect: org.hibernate.dialect.Oracle12cDialect
2022-10-27 13:22:02.304 DEBUG 51388 --- [main] org.hibernate.type.BasicTypeRegistry     : Adding type registration byte[] -> org.hibernate.type.MaterializedBlobType@1688110
2022-10-27 13:22:02.304 DEBUG 51388 --- [main] org.hibernate.type.BasicTypeRegistry     : HHH000270: Type registration [byte[]] overrides previous : org.hibernate.type.BinaryType@cbe2e
2022-10-27 13:22:02.304 DEBUG 51388 --- [main] org.hibernate.type.BasicTypeRegistry     : Adding type registration [B -> org.hibernate.type.MaterializedBlobType@1688110
2022-10-27 13:22:02.304 DEBUG 51388 --- [main] org.hibernate.type.BasicTypeRegistry     : HHH000270: Type registration [[B] overrides previous : org.hibernate.type.BinaryType@cbe2e
2022-10-27 13:22:02.305 DEBUG 51388 --- [main] org.hibernate.type.BasicTypeRegistry     : Adding type registration Byte[] -> org.hibernate.type.WrappedMaterializedBlobType@37f12b
2022-10-27 13:22:02.305 DEBUG 51388 --- [main] org.hibernate.type.BasicTypeRegistry     : HHH000270: Type registration [Byte[]] overrides previous : org.hibernate.type.WrapperBinaryType@1018eed
2022-10-27 13:22:02.305 DEBUG 51388 --- [main] org.hibernate.type.BasicTypeRegistry     : Adding type registration [Ljava.lang.Byte; -> org.hibernate.type.WrappedMaterializedBlobType@37f12b
2022-10-27 13:22:02.305 DEBUG 51388 --- [main] org.hibernate.type.BasicTypeRegistry     : HHH000270: Type registration [[Ljava.lang.Byte;] overrides previous : org.hibernate.type.WrapperBinaryType@1018eed
2022-10-27 13:22:02.307 DEBUG 51388 --- [main] o.h.type.spi.TypeConfiguration$Scope     : Scoping TypeConfiguration [org.hibernate.type.spi.TypeConfiguration@24592e] to MetadataBuildingContext [org.hibernate.boot.internal.MetadataBuildingContextRootImpl@10a4e30]
2022-10-27 13:22:02.524 DEBUG 51388 --- [main] o.h.type.spi.TypeConfiguration$Scope     : Scoping TypeConfiguration [org.hibernate.type.spi.TypeConfiguration@24592e] to SessionFactoryImpl [org.hibernate.internal.SessionFactoryImpl@13a03fe]
2022-10-27 13:22:02.905  INFO 51388 --- [main] o.h.e.t.j.p.i.JtaPlatformInitiator       : HHH000490: Using JtaPlatform implementation: [org.hibernate.engine.transaction.jta.platform.internal.NoJtaPlatform]
2022-10-27 13:22:02.916 TRACE 51388 --- [main] o.h.type.spi.TypeConfiguration$Scope     : Handling #sessionFactoryCreated from [org.hibernate.internal.SessionFactoryImpl@13a03fe] for TypeConfiguration
2022-10-27 13:22:02.919  INFO 51388 --- [main] j.LocalContainerEntityManagerFactoryBean : Initialized JPA EntityManagerFactory for persistence unit 'default'
2022-10-27 13:22:03.341  WARN 51388 --- [main] JpaBaseConfiguration$JpaWebConfiguration : spring.jpa.open-in-view is enabled by default. Therefore, database queries may be performed during view rendering. Explicitly configure spring.jpa.open-in-view to disable this warning
2022-10-27 13:22:03.916  INFO 51388 --- [main] o.s.s.web.DefaultSecurityFilterChain     : Will secure any request with [org.springframework.security.web.context.request.async.WebAsyncManagerIntegrationFilter@3a6c83, org.springframework.security.web.context.SecurityContextPersistenceFilter@55f3cd, org.springframework.security.web.header.HeaderWriterFilter@728fe8, org.springframework.security.web.csrf.CsrfFilter@1e5c765, org.springframework.security.web.authentication.logout.LogoutFilter@17cb8dc, org.springframework.security.web.authentication.UsernamePasswordAuthenticationFilter@2e0b8a, org.springframework.security.web.authentication.ui.DefaultLoginPageGeneratingFilter@1b6c8c, org.springframework.security.web.authentication.ui.DefaultLogoutPageGeneratingFilter@1889cb6, org.springframework.security.web.authentication.www.BasicAuthenticationFilter@6a5e6a, org.springframework.security.web.savedrequest.RequestCacheAwareFilter@84c868, org.springframework.security.web.servletapi.SecurityContextHolderAwareRequestFilter@192ea9d, org.springframework.security.web.authentication.AnonymousAuthenticationFilter@faf450, org.springframework.security.web.session.SessionManagementFilter@d3bfca, org.springframework.security.web.access.ExceptionTranslationFilter@1e6bd36, org.springframework.security.web.access.intercept.FilterSecurityInterceptor@6f19c]
2022-10-27 13:22:03.985  INFO 51388 --- [main] o.s.b.w.embedded.tomcat.TomcatWebServer  : Tomcat started on port(s): 8080 (http) with context path ''
2022-10-27 13:22:04.010  INFO 51388 --- [main] com.jadm.JadmBbookInPrdApplication       : Started JadmBbookInPrdApplication in 6.13 seconds (JVM running for 7.239)
2022-10-27 13:23:00.019  INFO 51388 --- [scheduling-1] com.jadm.scheduler.ScheduledTasks        : 13:23:00 : Generacion periodica para el envio de Productos  - {}
2022-10-27 13:23:00.122 DEBUG 51388 --- [scheduling-1] org.hibernate.SQL                        : select distinct master from bbook_envio_prd w
2022-10-27 13:24:00.005  INFO 51388 --- [scheduling-1] com.jadm.scheduler.ScheduledTasks        : 13:24:00 : Generacion periodica para el envio de Productos  - {}
2022-10-27 13:24:00.023 DEBUG 51388 --- [scheduling-1] org.hibernate.SQL                        : select distinct master from bbook_envio_prd w
